<?xml version="1.0" encoding="utf-8"?><testsuites name="pytest tests"><testsuite name="pytest" errors="0" failures="0" skipped="0" tests="14" time="0.714" timestamp="2026-02-06T06:27:50.748716+00:00" hostname="agent-env-89fb8511-6600-48bb-8abd-76e2fbf6bad0"><testcase classname="backend.tests.test_property_intelligence_api.TestPropertiesAPI" name="test_get_properties_requires_tenant_id" time="0.010" /><testcase classname="backend.tests.test_property_intelligence_api.TestPropertiesAPI" name="test_get_properties_with_invalid_tenant_returns_empty" time="0.147" /><testcase classname="backend.tests.test_property_intelligence_api.TestPropertiesAPI" name="test_post_properties_requires_fields" time="0.009" /><testcase classname="backend.tests.test_property_intelligence_api.TestPropertiesAPI" name="test_post_properties_requires_address" time="0.010" /><testcase classname="backend.tests.test_property_intelligence_api.TestFilingCabinetAPI" name="test_get_filing_cabinet_requires_tenant_id" time="0.009" /><testcase classname="backend.tests.test_property_intelligence_api.TestFilingCabinetAPI" name="test_get_filing_cabinet_table_not_found" time="0.160" /><testcase classname="backend.tests.test_property_intelligence_api.TestFilingCabinetAPI" name="test_post_filing_cabinet_requires_fields" time="0.009" /><testcase classname="backend.tests.test_property_intelligence_api.TestFilingCabinetAPI" name="test_post_filing_cabinet_requires_all_mandatory_fields" time="0.009" /><testcase classname="backend.tests.test_property_intelligence_api.TestAuditLogAPI" name="test_get_audit_log_requires_tenant_id" time="0.008" /><testcase classname="backend.tests.test_property_intelligence_api.TestAuditLogAPI" name="test_get_audit_log_with_tenant_returns_array" time="0.055" /><testcase classname="backend.tests.test_property_intelligence_api.TestAuditLogAPI" name="test_get_audit_log_with_filters" time="0.061" /><testcase classname="backend.tests.test_property_intelligence_api.TestAPIResponseFormats" name="test_properties_error_format" time="0.007" /><testcase classname="backend.tests.test_property_intelligence_api.TestAPIResponseFormats" name="test_filing_cabinet_error_format" time="0.009" /><testcase classname="backend.tests.test_property_intelligence_api.TestAPIResponseFormats" name="test_audit_log_error_format" time="0.007" /></testsuite></testsuites>