<?xml version="1.0" encoding="utf-8"?><testsuites name="pytest tests"><testsuite name="pytest" errors="0" failures="0" skipped="0" tests="10" time="11.876" timestamp="2026-01-12T04:13:46.362015+00:00" hostname="agent-env-4e20ea2f-d4e5-4743-8a2a-529055d7d9de"><testcase classname="tests.test_blog_polish_api" name="test_create_blog_post_without_style" time="0.443" /><testcase classname="tests.test_blog_polish_api" name="test_create_blog_post_with_style_guide" time="0.232" /><testcase classname="tests.test_blog_polish_api" name="test_create_blog_post_validation" time="0.011" /><testcase classname="tests.test_blog_polish_api" name="test_get_blog_posts" time="0.766" /><testcase classname="tests.test_blog_polish_api" name="test_style_analysis_api" time="3.371" /><testcase classname="tests.test_blog_polish_api" name="test_style_analysis_validation" time="0.011" /><testcase classname="tests.test_blog_polish_api" name="test_seo_analysis_api" time="0.006" /><testcase classname="tests.test_blog_polish_api" name="test_image_analysis_api" time="6.560" /><testcase classname="tests.test_blog_polish_api" name="test_verify_style_guide_in_database" time="0.407" /><testcase classname="tests.test_blog_polish_api" name="test_invalid_action" time="0.007" /></testsuite></testsuites>