<?xml version="1.0" encoding="utf-8"?><testsuites name="pytest tests"><testsuite name="pytest" errors="9" failures="0" skipped="0" tests="10" time="0.170" timestamp="2026-01-12T04:12:56.336734+00:00" hostname="agent-env-4e20ea2f-d4e5-4743-8a2a-529055d7d9de"><testcase classname="tests.test_blog_polish_api.TestBlogPolishAPI" name="test_create_blog_post_without_style" time="0.000"><error message="failed on setup with &quot;Failed: ScopeMismatch: You tried to access the function scoped fixture supabase_client with a class scoped request object. Requesting fixture stack:&#10;tests/test_blog_polish_api.py:327:  def cleanup_test_data(supabase_client)&#10;Requested fixture:&#10;tests/test_blog_polish_api.py:35:  def supabase_client()&quot;">ScopeMismatch: You tried to access the function scoped fixture supabase_client with a class scoped request object. Requesting fixture stack:
tests/test_blog_polish_api.py:327:  def cleanup_test_data(supabase_client)
Requested fixture:
tests/test_blog_polish_api.py:35:  def supabase_client()</error></testcase><testcase classname="tests.test_blog_polish_api.TestBlogPolishAPI" name="test_create_blog_post_with_style_guide" time="0.000"><error message="failed on setup with &quot;Failed: ScopeMismatch: You tried to access the function scoped fixture supabase_client with a class scoped request object. Requesting fixture stack:&#10;tests/test_blog_polish_api.py:327:  def cleanup_test_data(supabase_client)&#10;Requested fixture:&#10;tests/test_blog_polish_api.py:35:  def supabase_client()&quot;">ScopeMismatch: You tried to access the function scoped fixture supabase_client with a class scoped request object. Requesting fixture stack:
tests/test_blog_polish_api.py:327:  def cleanup_test_data(supabase_client)
Requested fixture:
tests/test_blog_polish_api.py:35:  def supabase_client()</error></testcase><testcase classname="tests.test_blog_polish_api.TestBlogPolishAPI" name="test_create_blog_post_validation" time="0.000"><error message="failed on setup with &quot;Failed: ScopeMismatch: You tried to access the function scoped fixture supabase_client with a class scoped request object. Requesting fixture stack:&#10;tests/test_blog_polish_api.py:327:  def cleanup_test_data(supabase_client)&#10;Requested fixture:&#10;tests/test_blog_polish_api.py:35:  def supabase_client()&quot;">ScopeMismatch: You tried to access the function scoped fixture supabase_client with a class scoped request object. Requesting fixture stack:
tests/test_blog_polish_api.py:327:  def cleanup_test_data(supabase_client)
Requested fixture:
tests/test_blog_polish_api.py:35:  def supabase_client()</error></testcase><testcase classname="tests.test_blog_polish_api.TestBlogPolishAPI" name="test_get_blog_posts" time="0.000"><error message="failed on setup with &quot;Failed: ScopeMismatch: You tried to access the function scoped fixture supabase_client with a class scoped request object. Requesting fixture stack:&#10;tests/test_blog_polish_api.py:327:  def cleanup_test_data(supabase_client)&#10;Requested fixture:&#10;tests/test_blog_polish_api.py:35:  def supabase_client()&quot;">ScopeMismatch: You tried to access the function scoped fixture supabase_client with a class scoped request object. Requesting fixture stack:
tests/test_blog_polish_api.py:327:  def cleanup_test_data(supabase_client)
Requested fixture:
tests/test_blog_polish_api.py:35:  def supabase_client()</error></testcase><testcase classname="tests.test_blog_polish_api.TestBlogPolishAPI" name="test_style_analysis_api" time="0.000"><error message="failed on setup with &quot;Failed: ScopeMismatch: You tried to access the function scoped fixture supabase_client with a class scoped request object. Requesting fixture stack:&#10;tests/test_blog_polish_api.py:327:  def cleanup_test_data(supabase_client)&#10;Requested fixture:&#10;tests/test_blog_polish_api.py:35:  def supabase_client()&quot;">ScopeMismatch: You tried to access the function scoped fixture supabase_client with a class scoped request object. Requesting fixture stack:
tests/test_blog_polish_api.py:327:  def cleanup_test_data(supabase_client)
Requested fixture:
tests/test_blog_polish_api.py:35:  def supabase_client()</error></testcase><testcase classname="tests.test_blog_polish_api.TestBlogPolishAPI" name="test_style_analysis_validation" time="0.000"><error message="failed on setup with &quot;Failed: ScopeMismatch: You tried to access the function scoped fixture supabase_client with a class scoped request object. Requesting fixture stack:&#10;tests/test_blog_polish_api.py:327:  def cleanup_test_data(supabase_client)&#10;Requested fixture:&#10;tests/test_blog_polish_api.py:35:  def supabase_client()&quot;">ScopeMismatch: You tried to access the function scoped fixture supabase_client with a class scoped request object. Requesting fixture stack:
tests/test_blog_polish_api.py:327:  def cleanup_test_data(supabase_client)
Requested fixture:
tests/test_blog_polish_api.py:35:  def supabase_client()</error></testcase><testcase classname="tests.test_blog_polish_api.TestBlogPolishAPI" name="test_seo_analysis_api" time="0.000"><error message="failed on setup with &quot;Failed: ScopeMismatch: You tried to access the function scoped fixture supabase_client with a class scoped request object. Requesting fixture stack:&#10;tests/test_blog_polish_api.py:327:  def cleanup_test_data(supabase_client)&#10;Requested fixture:&#10;tests/test_blog_polish_api.py:35:  def supabase_client()&quot;">ScopeMismatch: You tried to access the function scoped fixture supabase_client with a class scoped request object. Requesting fixture stack:
tests/test_blog_polish_api.py:327:  def cleanup_test_data(supabase_client)
Requested fixture:
tests/test_blog_polish_api.py:35:  def supabase_client()</error></testcase><testcase classname="tests.test_blog_polish_api.TestBlogPolishAPI" name="test_image_analysis_api" time="0.000"><error message="failed on setup with &quot;Failed: ScopeMismatch: You tried to access the function scoped fixture supabase_client with a class scoped request object. Requesting fixture stack:&#10;tests/test_blog_polish_api.py:327:  def cleanup_test_data(supabase_client)&#10;Requested fixture:&#10;tests/test_blog_polish_api.py:35:  def supabase_client()&quot;">ScopeMismatch: You tried to access the function scoped fixture supabase_client with a class scoped request object. Requesting fixture stack:
tests/test_blog_polish_api.py:327:  def cleanup_test_data(supabase_client)
Requested fixture:
tests/test_blog_polish_api.py:35:  def supabase_client()</error></testcase><testcase classname="tests.test_blog_polish_api.TestBlogPolishAPI" name="test_verify_style_guide_in_database" time="0.000"><error message="failed on setup with &quot;Failed: ScopeMismatch: You tried to access the function scoped fixture supabase_client with a class scoped request object. Requesting fixture stack:&#10;tests/test_blog_polish_api.py:327:  def cleanup_test_data(supabase_client)&#10;Requested fixture:&#10;tests/test_blog_polish_api.py:35:  def supabase_client()&quot;">ScopeMismatch: You tried to access the function scoped fixture supabase_client with a class scoped request object. Requesting fixture stack:
tests/test_blog_polish_api.py:327:  def cleanup_test_data(supabase_client)
Requested fixture:
tests/test_blog_polish_api.py:35:  def supabase_client()</error></testcase><testcase classname="tests.test_blog_polish_api.TestInvalidActions" name="test_invalid_action" time="0.035" /></testsuite></testsuites>