<?xml version="1.0" encoding="utf-8"?><testsuites name="pytest tests"><testsuite name="pytest" errors="0" failures="2" skipped="0" tests="17" time="3.982" timestamp="2026-01-12T11:56:47.454041+00:00" hostname="agent-env-72b2e12f-9e48-44cc-9c22-8b00bdc35d4d"><testcase classname="tests.test_stress_booking.TestDoubleBookingPrevention" name="test_double_booking_same_slot" time="0.630"><failure message="Failed: CRITICAL BUG: Double booking allowed! Both bookings for 2026-01-17T10:00:00 succeeded. API should reject duplicate datetime slots.">tests/test_stress_booking.py:55: in test_double_booking_same_slot
    pytest.fail(
E   Failed: CRITICAL BUG: Double booking allowed! Both bookings for 2026-01-17T10:00:00 succeeded. API should reject duplicate datetime slots.</failure></testcase><testcase classname="tests.test_stress_booking.TestConcurrentBookingRequests" name="test_concurrent_booking_same_slot" time="0.357"><failure message="Failed: CRITICAL BUG: Race condition! 5 bookings succeeded for the same datetime slot 2026-01-18T11:00:00. Only 1 should succeed.">tests/test_stress_booking.py:106: in test_concurrent_booking_same_slot
    pytest.fail(
E   Failed: CRITICAL BUG: Race condition! 5 bookings succeeded for the same datetime slot 2026-01-18T11:00:00. Only 1 should succeed.</failure></testcase><testcase classname="tests.test_stress_booking.TestBookingInputValidation" name="test_empty_name_rejected" time="0.126" /><testcase classname="tests.test_stress_booking.TestBookingInputValidation" name="test_empty_email_rejected" time="0.133" /><testcase classname="tests.test_stress_booking.TestBookingInputValidation" name="test_invalid_email_format" time="0.134" /><testcase classname="tests.test_stress_booking.TestBookingInputValidation" name="test_missing_datetime" time="0.153" /><testcase classname="tests.test_stress_booking.TestSecurityInputSanitization" name="test_xss_prevention_in_name" time="0.145" /><testcase classname="tests.test_stress_booking.TestSecurityInputSanitization" name="test_sql_injection_prevention" time="0.252" /><testcase classname="tests.test_stress_booking.TestSecurityInputSanitization" name="test_max_field_length" time="0.103" /><testcase classname="tests.test_stress_booking.TestAuthenticationMiddleware" name="test_admin_v2_requires_auth" time="0.006" /><testcase classname="tests.test_stress_booking.TestAuthenticationMiddleware" name="test_admin_v2_blog_polish_requires_auth" time="0.005" /><testcase classname="tests.test_stress_booking.TestAuthenticationMiddleware" name="test_public_api_accessible" time="0.105" /><testcase classname="tests.test_stress_booking.TestRateLimiting" name="test_rapid_successive_requests" time="1.335" /><testcase classname="tests.test_stress_booking.TestScheduleCallAPI" name="test_schedule_call_requires_fields" time="0.115" /><testcase classname="tests.test_stress_booking.TestScheduleCallAPI" name="test_schedule_call_valid_request" time="0.158" /><testcase classname="tests.test_stress_booking.TestBookingAPIBasics" name="test_get_bookings" time="0.065" /><testcase classname="tests.test_stress_booking.TestBookingAPIBasics" name="test_create_booking_success" time="0.080" /></testsuite></testsuites>