<?xml version="1.0" encoding="utf-8"?><testsuites name="pytest tests"><testsuite name="pytest" errors="0" failures="10" skipped="0" tests="17" time="1.795" timestamp="2026-01-12T11:56:33.266063+00:00" hostname="agent-env-72b2e12f-9e48-44cc-9c22-8b00bdc35d4d"><testcase classname="tests.test_stress_booking.TestDoubleBookingPrevention" name="test_double_booking_same_slot" time="0.039"><failure message="AssertionError: First booking should succeed: {&quot;error&quot;:&quot;Route not found&quot;}&#10;  &#10;assert 404 == 201&#10; +  where 404 = &lt;Response [404]&gt;.status_code">tests/test_stress_booking.py:37: in test_double_booking_same_slot
    assert response1.status_code == 201, f"First booking should succeed: {response1.text}"
E   AssertionError: First booking should succeed: {"error":"Route not found"}
E     
E   assert 404 == 201
E    +  where 404 = &lt;Response [404]&gt;.status_code</failure></testcase><testcase classname="tests.test_stress_booking.TestConcurrentBookingRequests" name="test_concurrent_booking_same_slot" time="0.269" /><testcase classname="tests.test_stress_booking.TestBookingInputValidation" name="test_empty_name_rejected" time="0.067" /><testcase classname="tests.test_stress_booking.TestBookingInputValidation" name="test_empty_email_rejected" time="0.037" /><testcase classname="tests.test_stress_booking.TestBookingInputValidation" name="test_invalid_email_format" time="0.057" /><testcase classname="tests.test_stress_booking.TestBookingInputValidation" name="test_missing_datetime" time="0.036" /><testcase classname="tests.test_stress_booking.TestSecurityInputSanitization" name="test_xss_prevention_in_name" time="0.036" /><testcase classname="tests.test_stress_booking.TestSecurityInputSanitization" name="test_sql_injection_prevention" time="0.075"><failure message="AssertionError: Bookings endpoint should still work after SQL injection attempt&#10;assert 404 == 200&#10; +  where 404 = &lt;Response [404]&gt;.status_code">tests/test_stress_booking.py:207: in test_sql_injection_prevention
    assert get_response.status_code == 200, "Bookings endpoint should still work after SQL injection attempt"
E   AssertionError: Bookings endpoint should still work after SQL injection attempt
E   assert 404 == 200
E    +  where 404 = &lt;Response [404]&gt;.status_code</failure></testcase><testcase classname="tests.test_stress_booking.TestSecurityInputSanitization" name="test_max_field_length" time="0.042" /><testcase classname="tests.test_stress_booking.TestAuthenticationMiddleware" name="test_admin_v2_requires_auth" time="0.083"><failure message="AssertionError: Admin route should require auth, got 404&#10;assert 404 in [302, 307, 401]&#10; +  where 404 = &lt;Response [404]&gt;.status_code">tests/test_stress_booking.py:234: in test_admin_v2_requires_auth
    assert response.status_code in [302, 307, 401], \
E   AssertionError: Admin route should require auth, got 404
E   assert 404 in [302, 307, 401]
E    +  where 404 = &lt;Response [404]&gt;.status_code</failure></testcase><testcase classname="tests.test_stress_booking.TestAuthenticationMiddleware" name="test_admin_v2_blog_polish_requires_auth" time="0.033"><failure message="AssertionError: Blog-polish route should require auth, got 404&#10;assert 404 in [302, 307, 401]&#10; +  where 404 = &lt;Response [404]&gt;.status_code">tests/test_stress_booking.py:247: in test_admin_v2_blog_polish_requires_auth
    assert response.status_code in [302, 307, 401], \
E   AssertionError: Blog-polish route should require auth, got 404
E   assert 404 in [302, 307, 401]
E    +  where 404 = &lt;Response [404]&gt;.status_code</failure></testcase><testcase classname="tests.test_stress_booking.TestAuthenticationMiddleware" name="test_public_api_accessible" time="0.035"><failure message="AssertionError: Booking API should be publicly accessible&#10;assert 404 == 200&#10; +  where 404 = &lt;Response [404]&gt;.status_code">tests/test_stress_booking.py:255: in test_public_api_accessible
    assert response.status_code == 200, "Booking API should be publicly accessible"
E   AssertionError: Booking API should be publicly accessible
E   assert 404 == 200
E    +  where 404 = &lt;Response [404]&gt;.status_code</failure></testcase><testcase classname="tests.test_stress_booking.TestRateLimiting" name="test_rapid_successive_requests" time="0.720"><failure message="AssertionError: Unexpected status codes: {404}&#10;assert False&#10; +  where False = all(&lt;generator object TestRateLimiting.test_rapid_successive_requests.&lt;locals&gt;.&lt;genexpr&gt; at 0xfb9f2de165a0&gt;)">tests/test_stress_booking.py:277: in test_rapid_successive_requests
    assert all(r in [200, 429] for r in responses), \
E   AssertionError: Unexpected status codes: {404}
E   assert False
E    +  where False = all(&lt;generator object TestRateLimiting.test_rapid_successive_requests.&lt;locals&gt;.&lt;genexpr&gt; at 0xfb9f2de165a0&gt;)</failure></testcase><testcase classname="tests.test_stress_booking.TestScheduleCallAPI" name="test_schedule_call_requires_fields" time="0.038"><failure message="AssertionError: Should reject empty body, got 404&#10;assert 404 == 400&#10; +  where 404 = &lt;Response [404]&gt;.status_code">tests/test_stress_booking.py:290: in test_schedule_call_requires_fields
    assert response.status_code == 400, \
E   AssertionError: Should reject empty body, got 404
E   assert 404 == 400
E    +  where 404 = &lt;Response [404]&gt;.status_code</failure></testcase><testcase classname="tests.test_stress_booking.TestScheduleCallAPI" name="test_schedule_call_valid_request" time="0.036"><failure message="AssertionError: Unexpected status: 404&#10;assert 404 in [200, 201, 500]&#10; +  where 404 = &lt;Response [404]&gt;.status_code">tests/test_stress_booking.py:306: in test_schedule_call_valid_request
    assert response.status_code in [200, 201, 500], \
E   AssertionError: Unexpected status: 404
E   assert 404 in [200, 201, 500]
E    +  where 404 = &lt;Response [404]&gt;.status_code</failure></testcase><testcase classname="tests.test_stress_booking.TestBookingAPIBasics" name="test_get_bookings" time="0.038"><failure message="assert 404 == 200&#10; +  where 404 = &lt;Response [404]&gt;.status_code">tests/test_stress_booking.py:316: in test_get_bookings
    assert response.status_code == 200
E   assert 404 == 200
E    +  where 404 = &lt;Response [404]&gt;.status_code</failure></testcase><testcase classname="tests.test_stress_booking.TestBookingAPIBasics" name="test_create_booking_success" time="0.035"><failure message="assert 404 == 201&#10; +  where 404 = &lt;Response [404]&gt;.status_code">tests/test_stress_booking.py:334: in test_create_booking_success
    assert response.status_code == 201
E   assert 404 == 201
E    +  where 404 = &lt;Response [404]&gt;.status_code</failure></testcase></testsuite></testsuites>