<?xml version="1.0" encoding="utf-8"?><testsuites name="pytest tests"><testsuite name="pytest" errors="0" failures="0" skipped="0" tests="17" time="267.066" timestamp="2026-01-13T09:32:30.122135+00:00" hostname="agent-env-1b37b73f-bb17-4de9-a826-ddafddbdfddd"><testcase classname="tests.test_website_builder_api.TestCaptureScreenshotAPI" name="test_capture_screenshot_valid_url" time="1.104" /><testcase classname="tests.test_website_builder_api.TestCaptureScreenshotAPI" name="test_capture_screenshot_missing_url" time="0.007" /><testcase classname="tests.test_website_builder_api.TestCaptureScreenshotAPI" name="test_capture_screenshot_invalid_url" time="0.336" /><testcase classname="tests.test_website_builder_api.TestCaptureScreenshotAPI" name="test_capture_screenshot_with_dimensions" time="0.555" /><testcase classname="tests.test_website_builder_api.TestAnalyzeAPI" name="test_analyze_mode_required" time="0.086" /><testcase classname="tests.test_website_builder_api.TestAnalyzeAPI" name="test_analyze_mode_analyze_requires_image" time="0.006" /><testcase classname="tests.test_website_builder_api.TestAnalyzeAPI" name="test_analyze_mode_scratch_requires_description" time="0.005" /><testcase classname="tests.test_website_builder_api.TestAnalyzeAPI" name="test_analyze_with_image_gemini" time="1.706" /><testcase classname="tests.test_website_builder_api.TestAnalyzeAPI" name="test_analyze_scratch_mode" time="27.549" /><testcase classname="tests.test_website_builder_api.TestAnalyzeAPI" name="test_analyze_different_analysis_types" time="1.648" /><testcase classname="tests.test_website_builder_api.TestGenerateMockupAPI" name="test_generate_mockup_requires_analysis" time="0.102" /><testcase classname="tests.test_website_builder_api.TestGenerateMockupAPI" name="test_generate_mockup_recreate_mode" time="40.136" /><testcase classname="tests.test_website_builder_api.TestGenerateMockupAPI" name="test_generate_mockup_redesign_mode" time="37.970" /><testcase classname="tests.test_website_builder_api.TestGenerateMockupAPI" name="test_generate_mockup_landing_page_mode" time="44.275" /><testcase classname="tests.test_website_builder_api.TestGenerateCodeAPI" name="test_generate_code_requires_analysis" time="0.087" /><testcase classname="tests.test_website_builder_api.TestGenerateCodeAPI" name="test_generate_code_success" time="9.546" /><testcase classname="tests.test_website_builder_api.TestEndToEndWorkflow" name="test_full_analyze_workflow" time="101.820" /></testsuite></testsuites>